<?xml version="1.0" encoding="UTF-8"?>
<!-- Generated by org.testng.reporters.JUnitReportReporter -->
<testsuite hostname="DESKTOP-4VG4ENC" name="com.automation.ui.digitaldeployer.testcases.login.LoginTest" tests="1" failures="0" timestamp="9 Jan 2023 07:11:21 GMT" time="35.322" errors="0">
  <testcase name="verifyContinueBeforeLogin" time="35.322" classname="com.automation.ui.digitaldeployer.testcases.login.LoginTest"/>
</testsuite> <!-- com.automation.ui.digitaldeployer.testcases.login.LoginTest -->
