<?xml version="1.0" encoding="UTF-8"?>
<!-- Generated by org.testng.reporters.JUnitReportReporter -->
<testsuite hostname="DESKTOP-4VG4ENC" name="com.automation.ui.digitaldeployer.testcases.home.HomePageTest" tests="1" failures="0" timestamp="11 Jan 2023 04:34:23 GMT" time="47.021" errors="0">
  <testcase name="launchAddNewWorkspace_Test" time="47.021" classname="com.automation.ui.digitaldeployer.testcases.home.HomePageTest"/>
</testsuite> <!-- com.automation.ui.digitaldeployer.testcases.home.HomePageTest -->
