<?xml version="1.0" encoding="UTF-8"?>
<!-- Generated by org.testng.reporters.JUnitReportReporter -->
<testsuite hostname="DESKTOP-4VG4ENC" name="com.automation.ui.digitaldeployer.testcases.index.IndexPageTest" tests="1" failures="0" timestamp="11 Jan 2023 04:34:23 GMT" time="17.510" errors="0">
  <testcase name="launchHomePage_Test" time="17.510" classname="com.automation.ui.digitaldeployer.testcases.index.IndexPageTest"/>
</testsuite> <!-- com.automation.ui.digitaldeployer.testcases.index.IndexPageTest -->
