<?xml version="1.0" encoding="UTF-8"?>
<!-- Generated by org.testng.reporters.JUnitReportReporter -->
<testsuite hostname="DESKTOP-4VG4ENC" name="com.automation.ui.digitaldeployer.testcases.home.HomePageTest" tests="23" failures="0" timestamp="13 Jan 2023 07:41:05 GMT" time="336.054" errors="0">
  <testcase name="launchAddNewWorkspacename_create_Test" time="14.334" classname="com.automation.ui.digitaldeployer.testcases.home.HomePageTest"/>
  <testcase name="launchAddNewWorkspacename_create_Test" time="14.215" classname="com.automation.ui.digitaldeployer.testcases.home.HomePageTest"/>
  <testcase name="launchAddNewWorkspacename_create_Test" time="14.165" classname="com.automation.ui.digitaldeployer.testcases.home.HomePageTest"/>
  <testcase name="launchAddNewWorkspacename_create_Test" time="14.235" classname="com.automation.ui.digitaldeployer.testcases.home.HomePageTest"/>
  <testcase name="launchAddNewWorkspacename_create_Test" time="14.258" classname="com.automation.ui.digitaldeployer.testcases.home.HomePageTest"/>
  <testcase name="launchAddNewWorkspacename_create_Test" time="14.301" classname="com.automation.ui.digitaldeployer.testcases.home.HomePageTest"/>
  <testcase name="launchAddNewWorkspacename_create_Test" time="14.254" classname="com.automation.ui.digitaldeployer.testcases.home.HomePageTest"/>
  <testcase name="launchAddNewWorkspacename_create_Test" time="22.403" classname="com.automation.ui.digitaldeployer.testcases.home.HomePageTest"/>
  <testcase name="launchAddNewWorkspacename_create_Test" time="14.193" classname="com.automation.ui.digitaldeployer.testcases.home.HomePageTest"/>
  <testcase name="launchAddNewWorkspacename_create_Test" time="14.265" classname="com.automation.ui.digitaldeployer.testcases.home.HomePageTest"/>
  <testcase name="launchAddNewWorkspacename_create_Test" time="14.217" classname="com.automation.ui.digitaldeployer.testcases.home.HomePageTest"/>
  <testcase name="launchAddNewWorkspacename_create_Test" time="14.474" classname="com.automation.ui.digitaldeployer.testcases.home.HomePageTest"/>
  <testcase name="launchAddNewWorkspacename_create_Test" time="14.400" classname="com.automation.ui.digitaldeployer.testcases.home.HomePageTest"/>
  <testcase name="launchAddNewWorkspacename_create_Test" time="14.227" classname="com.automation.ui.digitaldeployer.testcases.home.HomePageTest"/>
  <testcase name="launchAddNewWorkspacename_create_Test" time="14.263" classname="com.automation.ui.digitaldeployer.testcases.home.HomePageTest"/>
  <testcase name="launchAddNewWorkspacename_create_Test" time="14.196" classname="com.automation.ui.digitaldeployer.testcases.home.HomePageTest"/>
  <testcase name="launchAddNewWorkspacename_create_Test" time="14.228" classname="com.automation.ui.digitaldeployer.testcases.home.HomePageTest"/>
  <testcase name="launchAddNewWorkspacename_create_Test" time="14.288" classname="com.automation.ui.digitaldeployer.testcases.home.HomePageTest"/>
  <testcase name="launchAddNewWorkspacename_create_Test" time="14.254" classname="com.automation.ui.digitaldeployer.testcases.home.HomePageTest"/>
  <testcase name="launchAddNewWorkspacename_create_Test" time="14.280" classname="com.automation.ui.digitaldeployer.testcases.home.HomePageTest"/>
  <testcase name="launchAddNewWorkspacename_create_Test" time="14.015" classname="com.automation.ui.digitaldeployer.testcases.home.HomePageTest"/>
  <testcase name="launchAddNewWorkspacename_create_Test" time="14.257" classname="com.automation.ui.digitaldeployer.testcases.home.HomePageTest"/>
  <testcase name="launchAddNewWorkspacename_create_Test" time="14.332" classname="com.automation.ui.digitaldeployer.testcases.home.HomePageTest"/>
</testsuite> <!-- com.automation.ui.digitaldeployer.testcases.home.HomePageTest -->
