<?xml version="1.0" encoding="UTF-8"?>
<!-- Generated by org.testng.reporters.JUnitReportReporter -->
<testsuite hostname="DESKTOP-4VG4ENC" name="com.automation.ui.digitaldeployer.testcases.index.HomePageTest" tests="1" failures="0" timestamp="9 Jan 2023 06:59:28 GMT" time="62.461" errors="0">
  <testcase name="launchHomePage_Test" time="62.461" classname="com.automation.ui.digitaldeployer.testcases.index.HomePageTest"/>
</testsuite> <!-- com.automation.ui.digitaldeployer.testcases.index.HomePageTest -->
