<?xml version="1.0" encoding="UTF-8"?>
<!-- Generated by org.testng.reporters.JUnitReportReporter -->
<testsuite hostname="DESKTOP-4VG4ENC" name="com.automation.ui.digitaldeployer.testcases.login.LoginTest" tests="1" failures="0" timestamp="11 Jan 2023 04:21:30 GMT" time="12.299" errors="0">
  <testcase name="verifyContinueBeforeLogin" time="12.299" classname="com.automation.ui.digitaldeployer.testcases.login.LoginTest"/>
</testsuite> <!-- com.automation.ui.digitaldeployer.testcases.login.LoginTest -->
