<?xml version="1.0" encoding="UTF-8"?>
<!-- Generated by org.testng.reporters.JUnitReportReporter -->
<testsuite hostname="DESKTOP-4VG4ENC" name="com.automation.ui.digitaldeployer.testcases.index.IndexPageTest" tests="1" failures="0" timestamp="11 Jan 2023 04:27:33 GMT" time="13.637" errors="0">
  <testcase name="launchHomePage_Test" time="13.637" classname="com.automation.ui.digitaldeployer.testcases.index.IndexPageTest"/>
</testsuite> <!-- com.automation.ui.digitaldeployer.testcases.index.IndexPageTest -->
