<?xml version="1.0" encoding="UTF-8"?>
<!-- Generated by org.testng.reporters.JUnitReportReporter -->
<testsuite hostname="DESKTOP-4VG4ENC" name="com.automation.ui.digitaldeployer.testcases.home.HomePageTest" tests="2" failures="0" timestamp="11 Jan 2023 05:06:29 GMT" time="65.449" errors="0">
  <testcase name="launchAddNewWorkspacename_Test" time="16.145" classname="com.automation.ui.digitaldeployer.testcases.home.HomePageTest"/>
  <testcase name="launchAddNewWorkspace_Test" time="49.304" classname="com.automation.ui.digitaldeployer.testcases.home.HomePageTest"/>
</testsuite> <!-- com.automation.ui.digitaldeployer.testcases.home.HomePageTest -->
