<?xml version="1.0" encoding="UTF-8"?>
<!-- Generated by org.testng.reporters.JUnitReportReporter -->
<testsuite hostname="DESKTOP-4VG4ENC" name="com.automation.ui.digitaldeployer.testcases.login.LoginTest" tests="1" failures="0" timestamp="13 Jan 2023 06:55:11 GMT" time="15.473" errors="0">
  <testcase name="verifyValidLogin" time="15.473" classname="com.automation.ui.digitaldeployer.testcases.login.LoginTest"/>
</testsuite> <!-- com.automation.ui.digitaldeployer.testcases.login.LoginTest -->
